{"level":"ERROR","time":"2025-03-13T23:44:28.506+0800","caller":"controller/user.go:16","msg":"SignUpHandler ShouldBindJSON err{error 26 0  json: Unmarshal(non-pointer models.ParamSignUp)}"}
{"level":"ERROR","time":"2025-03-13T23:45:05.089+0800","caller":"controller/user.go:16","msg":"SignUpHandler ShouldBindJSON err{error 26 0  invalid character '\"' after object key}"}
{"level":"ERROR","time":"2025-03-13T23:45:11.380+0800","caller":"controller/user.go:16","msg":"SignUpHandler ShouldBindJSON err{error 26 0  json: Unmarshal(non-pointer models.ParamSignUp)}"}
{"level":"ERROR","time":"2025-03-13T23:45:32.551+0800","caller":"controller/user.go:16","msg":"SignUpHandler ShouldBindJSON err{error 26 0  json: Unmarshal(non-pointer models.ParamSignUp)}"}
{"level":"ERROR","time":"2025-03-13T23:45:44.751+0800","caller":"controller/user.go:16","msg":"SignUpHandler ShouldBindJSON err{error 26 0  json: Unmarshal(non-pointer models.ParamSignUp)}"}
{"level":"ERROR","time":"2025-03-13T23:46:00.577+0800","caller":"controller/user.go:16","msg":"SignUpHandler ShouldBindJSON err{error 26 0  json: Unmarshal(non-pointer models.ParamSignUp)}"}
{"level":"ERROR","time":"2025-03-14T15:48:15.473+0800","caller":"controller/user.go:17","msg":"SignUpHandler ShouldBindJSON err{error 26 0  Key: 'ParamSignUp.re_password' Error:Field validation for 're_password' failed on the 'eqfield' tag}"}
{"level":"ERROR","time":"2025-03-15T14:17:10.758+0800","caller":"controller/user.go:29","msg":"logic.SignUp failed","error":"用户已存在"}
{"level":"ERROR","time":"2025-03-15T14:17:37.071+0800","caller":"controller/user.go:61","msg":"logic.Login failed","username":"cp","error":"密码错误"}
{"level":"ERROR","time":"2025-03-15T14:18:01.958+0800","caller":"controller/user.go:29","msg":"logic.SignUp failed","error":"用户已存在"}
{"level":"INFO","time":"2025-03-15T14:22:43.362+0800","caller":"mysql/user.go:38","msg":"$2a$10$S/ihdUUEPytmVFfUrzBxWes8h9s8O65qEIG1Jx3.QE0gUUhxf2m5q123"}
{"level":"ERROR","time":"2025-03-15T14:22:43.433+0800","caller":"controller/user.go:61","msg":"logic.Login failed","username":"cp","error":"密码错误"}
{"level":"INFO","time":"2025-03-15T14:23:40.920+0800","caller":"mysql/user.go:38","msg":"$2a$10$lWcZsQDGsz9pdZKIqF5mp.SumavZvxU1E9ChEGfKB2unhnW/aIx.W123"}
{"level":"ERROR","time":"2025-03-15T14:23:40.974+0800","caller":"controller/user.go:61","msg":"logic.Login failed","username":"lzy","error":"密码错误"}
{"level":"INFO","time":"2025-03-15T14:25:11.026+0800","caller":"mysql/user.go:38","msg":"$2a$10$lWcZsQDGsz9pdZKIqF5mp.SumavZvxU1E9ChEGfKB2unhnW/aIx.W"}
{"level":"INFO","time":"2025-03-15T14:25:11.102+0800","caller":"mysql/user.go:39","msg":"[36 50 97 36 49 48 36 78 79 84 46 111 115 82 86 105 65 51 50 102 67 86 87 117 71 50 98 115 46 66 76 67 114 100 77 101 85 122 101 105 102 110 110 57 119 83 81 71 78 49 84 115 77 111 82 51 68 86 73 97] <nil>"}
{"level":"ERROR","time":"2025-03-15T14:25:11.155+0800","caller":"controller/user.go:61","msg":"logic.Login failed","username":"lzy","error":"密码错误"}
{"level":"INFO","time":"2025-03-15T14:25:53.473+0800","caller":"mysql/user.go:38","msg":"$2a$10$lWcZsQDGsz9pdZKIqF5mp.SumavZvxU1E9ChEGfKB2unhnW/aIx.W"}
{"level":"INFO","time":"2025-03-15T14:25:53.544+0800","caller":"mysql/user.go:40","msg":"[36 50 97 36 49 48 36 70 89 74 105 87 71 78 98 56 103 54 85 72 113 56 122 110 51 56 48 47 101 78 51 48 81 112 102 109 98 112 87 55 119 57 77 79 69 99 65 70 70 49 108 55 77 79 81 54 47 53 69 121]"}
{"level":"ERROR","time":"2025-03-15T14:25:53.595+0800","caller":"controller/user.go:61","msg":"logic.Login failed","username":"lzy","error":"密码错误"}
{"level":"INFO","time":"2025-03-15T14:26:13.722+0800","caller":"mysql/user.go:38","msg":"$2a$10$lWcZsQDGsz9pdZKIqF5mp.SumavZvxU1E9ChEGfKB2unhnW/aIx.W"}
{"level":"INFO","time":"2025-03-15T14:26:13.798+0800","caller":"mysql/user.go:40","msg":"$2a$10$YAM7pv1npbWgzv6uzjr1YefY/Zgx0/LLu0l3ZUix92bC/YEBshviW"}
{"level":"ERROR","time":"2025-03-15T14:26:13.849+0800","caller":"controller/user.go:61","msg":"logic.Login failed","username":"lzy","error":"密码错误"}
{"level":"ERROR","time":"2025-03-15T14:26:53.618+0800","caller":"controller/user.go:29","msg":"logic.SignUp failed","error":"用户已存在"}
{"level":"INFO","time":"2025-03-15T14:27:01.879+0800","caller":"mysql/user.go:38","msg":"$2a$10$EIA6SMwai3YtK56OXDzZKeBUpjPmbPQPRujuhW9B.WUktyLI712kC"}
{"level":"INFO","time":"2025-03-15T14:27:01.932+0800","caller":"mysql/user.go:40","msg":"$2a$10$PF2jcfct07kBCOUYBphNOeYg7OpN.t8YjwPDzy6GMQqYJR61edmie"}
{"level":"ERROR","time":"2025-03-15T14:27:01.984+0800","caller":"controller/user.go:61","msg":"logic.Login failed","username":"cp1","error":"密码错误"}
{"level":"ERROR","time":"2025-03-15T21:07:44.343+0800","caller":"controller/post.go:60","msg":"logic.GetPostList() failed","error":"Error 1064 (42000): You have an error in your SQL syntax; check the manual that corresponds to your MySQL server version for the right syntax to use near '?' at line 1"}
{"level":"ERROR","time":"2025-03-15T21:08:57.043+0800","caller":"controller/post.go:60","msg":"logic.GetPostList() failed","error":"Error 1064 (42000): You have an error in your SQL syntax; check the manual that corresponds to your MySQL server version for the right syntax to use near '?' at line 1"}
{"level":"ERROR","time":"2025-03-17T12:57:11.275+0800","caller":"controller/vote.go:15","msg":"BindJSON failed","postId":"","error":"json: invalid use of ,string struct tag, trying to unmarshal \"622781251798962176\" into string"}
{"level":"ERROR","time":"2025-03-17T13:03:12.347+0800","caller":"controller/vote.go:31","msg":"logic.VoteForPost failed","error":"投票时间已过"}
{"level":"ERROR","time":"2025-03-17T13:05:49.691+0800","caller":"controller/vote.go:31","msg":"logic.VoteForPost failed","error":"投票时间已过"}
{"level":"INFO","time":"2025-03-17T13:06:21.547+0800","caller":"redis/vote.go:61","msg":"0"}
{"level":"ERROR","time":"2025-03-17T13:06:21.547+0800","caller":"controller/vote.go:31","msg":"logic.VoteForPost failed","error":"投票时间已过"}
{"level":"INFO","time":"2025-03-17T13:09:39.922+0800","caller":"redis/vote.go:61","msg":"1.742188163e+09"}
{"level":"ERROR","time":"2025-03-17T13:10:19.633+0800","caller":"controller/vote.go:15","msg":"BindJSON failed","postId":"623384990020800512","error":"Key: 'ParamVoteData.direction' Error:Field validation for 'direction' failed on the 'required' tag"}
{"level":"INFO","time":"2025-03-17T13:10:37.465+0800","caller":"redis/vote.go:61","msg":"1.742188163e+09"}
{"level":"INFO","time":"2025-03-17T13:10:52.781+0800","caller":"redis/vote.go:61","msg":"1.742188163e+09"}
{"level":"ERROR","time":"2025-03-17T13:11:52.476+0800","caller":"controller/vote.go:15","msg":"BindJSON failed","postId":"623384990020800512","error":"json: invalid use of ,string struct tag, trying to unmarshal unquoted value into int8"}
{"level":"ERROR","time":"2025-03-17T13:12:05.475+0800","caller":"controller/vote.go:15","msg":"BindJSON failed","postId":"623384990020800512","error":"Key: 'ParamVoteData.direction' Error:Field validation for 'direction' failed on the 'required' tag"}
{"level":"ERROR","time":"2025-03-17T13:14:20.210+0800","caller":"controller/vote.go:15","msg":"BindJSON failed","postId":"623384990020800512","error":"json: cannot unmarshal string into Go struct field ParamVoteData.direction of type int8"}
{"level":"ERROR","time":"2025-03-17T13:15:01.768+0800","caller":"controller/vote.go:15","msg":"BindJSON failed","postId":"623384990020800512","error":"Key: 'ParamVoteData.direction' Error:Field validation for 'direction' failed on the 'required' tag"}
{"level":"ERROR","time":"2025-03-17T13:16:10.275+0800","caller":"controller/vote.go:15","msg":"BindJSON failed","postId":"623384990020800512","error":"Key: 'ParamVoteData.direction' Error:Field validation for 'direction' failed on the 'required' tag"}
{"level":"INFO","time":"2025-03-17T13:19:19.198+0800","caller":"redis/vote.go:61","msg":"1.742188163e+09"}
{"level":"INFO","time":"2025-03-17T14:14:24.301+0800","caller":"controller/post.go:87","msg":"page = 1, size = 10"}
{"level":"INFO","time":"2025-03-17T14:14:41.354+0800","caller":"controller/post.go:92","msg":"page = 1, size = 2"}
{"level":"INFO","time":"2025-03-17T14:34:30.973+0800","caller":"redis/vote.go:61","msg":"1.742188163e+09"}
{"level":"INFO","time":"2025-03-17T14:35:05.315+0800","caller":"redis/vote.go:61","msg":"1.742188163e+09"}
{"level":"ERROR","time":"2025-03-17T14:35:05.315+0800","caller":"controller/vote.go:31","msg":"logic.VoteForPost failed","error":"投票时间已过"}
{"level":"INFO","time":"2025-03-17T14:35:54.581+0800","caller":"redis/vote.go:61","msg":"1.742188163e+09"}
{"level":"INFO","time":"2025-03-17T14:35:57.343+0800","caller":"redis/vote.go:61","msg":"1.742188163e+09"}
{"level":"INFO","time":"2025-03-17T14:36:34.227+0800","caller":"redis/vote.go:61","msg":"1.74219183e+09"}
{"level":"INFO","time":"2025-03-17T14:43:32.101+0800","caller":"redis/post.go:50","msg":"v = %d0"}
{"level":"INFO","time":"2025-03-17T14:43:32.122+0800","caller":"redis/post.go:50","msg":"v = %d0"}
{"level":"INFO","time":"2025-03-17T14:43:32.122+0800","caller":"redis/post.go:50","msg":"v = %d0"}
{"level":"INFO","time":"2025-03-17T14:43:32.122+0800","caller":"redis/post.go:50","msg":"v = %d0"}
{"level":"INFO","time":"2025-03-17T14:44:11.212+0800","caller":"redis/post.go:50","msg":"v = 0"}
{"level":"INFO","time":"2025-03-17T14:44:11.233+0800","caller":"redis/post.go:50","msg":"v = 0"}
{"level":"INFO","time":"2025-03-17T14:44:11.233+0800","caller":"redis/post.go:50","msg":"v = 0"}
{"level":"INFO","time":"2025-03-17T14:44:11.233+0800","caller":"redis/post.go:50","msg":"v = 0"}
{"level":"INFO","time":"2025-03-17T14:48:09.660+0800","caller":"redis/post.go:50","msg":"v = 0"}
{"level":"INFO","time":"2025-03-17T14:48:09.683+0800","caller":"redis/post.go:50","msg":"v = 1"}
{"level":"INFO","time":"2025-03-17T14:48:09.683+0800","caller":"redis/post.go:50","msg":"v = 1"}
{"level":"INFO","time":"2025-03-17T14:48:09.683+0800","caller":"redis/post.go:50","msg":"v = 0"}
